[38;5;15mLoading project /workspace/MicroMFramework/MicroM/core/MicroMCore.csproj[0m
  Determining projects to restore...
  Restored /workspace/MicroMFramework/MicroM/core/MicroMCore.csproj (in 359 ms).
[38;5;15mProcessing MicroM.Core[0m
[38;5;11mwarning: InvalidCref: Invalid cref value "!:LoadEntityTypes(Assembly)" found in XML documentation comment for CreateEntity defined in /workspace/MicroMFramework/MicroM/core/Web/Services/EntitiesService/EntitiesService.cs Line 88.[0m
[38;5;11mwarning: InvalidCref: Invalid cref value "!:LoadEntityTypes(Assembly)" found in XML documentation comment for CreateEntity defined in /workspace/MicroMFramework/MicroM/core/Web/Services/EntitiesService/IEntitiesService.cs Line 15.[0m
[38;5;15mCreating output...[0m


[38;5;11mBuild succeeded with warning.[0m

[38;5;11m    2 warning(s)[0m
[38;5;15m    0 error(s)[0m

[38;5;15mSearching built-in plugins in directory /root/.dotnet/tools/.store/docfx/2.78.3/docfx/2.78.3/tools/net8.0/any/...[0m
[38;5;15m7 plug-in(s) loaded.[0m
[38;5;15mBuilding 45 file(s) in ConceptualDocumentProcessor(BuildConceptualDocument=>ValidateConceptualDocumentMetadata)...[0m
[38;5;15mBuilding 345 file(s) in ManagedReferenceDocumentProcessor(BuildManagedReferenceDocument=>SplitClassPageToMemberLevel=>ValidateManagedReferenceDocumentMetadata=>ApplyOverwriteDocumentForMref=>FillReferenceInformation=>FillMetadata)...[0m
[38;5;15mBuilding 1 file(s) in TocDocumentProcessor(BuildTocDocument)...[0m
[38;5;11m/workspace/MicroMFramework/MicroM/Documentation/Backend/Excel/index.md(3,1): warning InvalidFileLink: Invalid file link:(~/../core/Excel).[0m
[38;5;11m/workspace/MicroMFramework/MicroM/Documentation/Backend/index.md(49,1): warning InvalidFileLink: Invalid file link:(~/../Documentation/Backend/Web/).[0m
[38;5;11m/workspace/MicroMFramework/MicroM/Documentation/Backend/index.md(25,1): warning InvalidFileLink: Invalid file link:(~/../Documentation/Backend/Database/).[0m
[38;5;11m/workspace/MicroMFramework/MicroM/Documentation/Backend/index.md(9,1): warning InvalidFileLink: Invalid file link:(~/../Documentation/Backend/Configuration/).[0m
[38;5;11m/workspace/MicroMFramework/MicroM/Documentation/Backend/index.md(41,1): warning InvalidFileLink: Invalid file link:(~/../Documentation/Backend/ImportData/).[0m
[38;5;11m/workspace/MicroMFramework/MicroM/Documentation/Backend/index.md(21,1): warning InvalidFileLink: Invalid file link:(~/../Documentation/Backend/DataDictionary/).[0m
[38;5;11m/workspace/MicroMFramework/MicroM/Documentation/Backend/index.md(5,1): warning InvalidFileLink: Invalid file link:(~/../Documentation/Backend/Tutorials/).[0m
[38;5;11m/workspace/MicroMFramework/MicroM/Documentation/Backend/index.md(53,1): warning InvalidFileLink: Invalid file link:(~/../Documentation/Backend/Tutorials/).[0m
[38;5;11m/workspace/MicroMFramework/MicroM/Documentation/Backend/index.md(29,1): warning InvalidFileLink: Invalid file link:(~/../Documentation/Backend/Excel/).[0m
[38;5;11m/workspace/MicroMFramework/MicroM/Documentation/Backend/index.md(13,1): warning InvalidFileLink: Invalid file link:(~/../Documentation/Backend/Core/).[0m
[38;5;11m/workspace/MicroMFramework/MicroM/Documentation/Backend/index.md(37,1): warning InvalidFileLink: Invalid file link:(~/../Documentation/Backend/Generators/).[0m
[38;5;11m/workspace/MicroMFramework/MicroM/Documentation/Backend/index.md(17,1): warning InvalidFileLink: Invalid file link:(~/../Documentation/Backend/Data/).[0m
[38;5;11m/workspace/MicroMFramework/MicroM/Documentation/Backend/index.md(45,1): warning InvalidFileLink: Invalid file link:(~/../Documentation/Backend/Validators/).[0m
[38;5;11m/workspace/MicroMFramework/MicroM/Documentation/Backend/index.md(33,1): warning InvalidFileLink: Invalid file link:(~/../Documentation/Backend/Extensions/).[0m
[38;5;15mApplying templates to 391 model(s)...[0m
[38;5;15mXRef map exported.[0m


[38;5;11mBuild succeeded with warning.[0m

[38;5;11m    14 warning(s)[0m
[38;5;15m    0 error(s)[0m

